5c383b3c02d4e92007	
57388012028f534205	
e4e18aef021d24d19d,5454240a0134dfc81e,4410a3b901f95169aa,dac7f87f028f03b705,26cd7e2a0244338904	
9393ea7e01c7b5ea4e,4de7c53a02639608b0	
5463b0c702b5485820,ff975ab902c5d90ca9,c24de5fc02a05a8274	
44a34c3802e0694755,25f24a6f02d42dbaa0,5733d119018993b518,99327b32015c587879	
02d850f101def90d0b,77191c1c02f04f1f07	
14cc69bc019702a8ed,4d83fbc101a06a25bf,14ec259202934a3142	
3f854eed017ac8f4ce,799e11b50102bb89fb	
3b1289d801a1159516,f5e1bcb90176ce1256	
f5584bae02d0f1959f	
1a75d64101d7e98763,71af054401bb5e8635,7c794b5f02589029ac,4e479b3a02ddce324a,b83f159d023ecb93b9	
98da1032021b4addd9,41ee0aa001ed15ee42	
016ca61e01ab360813	
c294c8df017f4e9327,afaba8da0161327afd,b84fb104012e0b1371,155dda880186cb9f45	
3ef8289001559a9133,7bfd4e3002f6b5a92e	
316a97e20108ee029f,d5a9bd46021f9aebdb,3bee3f3e0296027230	
1dcc68ad0230809e50	
7a80174202bad0b1ee	
8a414ee702ec9ff0e2,9233fab001bc4ca402,5389a57a015e8a420f,4538ba8901ba9aa37b	
f57f9a4f01c9273065,8335b59a02bf3d3ff7,7ce06fbd0295f1b769,fd86a27a0140ab688f,a1cc93d702d8664d29	
081ffaf801fffde604	
b74ae21601776cab56,4eeb186b02d9cfe231,d1bf8492022b24801a,71e8bd1a0151e62a84,f268799002f4de0574	
4c4e6a5e021a0ac431,d63cbb5602fdb8f81c	
10e4b119020df18005,762a990b010420bbc6,c32051520261a575d1	
d157c3be026f5e9c23,59b93f52024463d63e,6963d5c001ffd61157	
6ba458c0016ea98913,1e211d1302209e664c,8f62e1fc019d0a382e,11f6e1a402a163b1ac,fb803039011a6221f4	
8d5a7028017cdbfd12	
2baca9e80182e4174a	
e6c4d43d0228c9ddf9,f11adff402b39a0ecc	
202c721601646bfbb9,0f4c8c9c02fee75907,099df58a0246756127,8d8a45bd0135013dd8,6c2d7954010c5e4d68	
44c918f3011d55e630,5405d33f0120d5247c,c321b15e01ef8540aa	
f87e9321016681ab02,a6ae6f9c01e613b47f,40596428022aa77066	
d99eeecd022c1a49c3,b431361a01a2b108f8,55997e3b0251abb2a1	
4ba8ff9c01b29ff03d	
4cd8f735012362346f	
2b75bde901012e20b7,b6a93a4a01a1179d03,aabc45dc01483353ad,b6fa54d7024dde2d4c,969aa5f002c7128f62	
f0c352b80210188858	
d29a526a02d8c4d29a,1052407e022aa475f7	
696a6d2f01b2f7e0c0	
78c58c0501f09dc96c,c8a4b9cb01fa9491f2,d409cdeb0235b8cf6a	
86dd091802b503cda6,c7fca56102b1c0799a,123f712e01937b3337	
dd8f4f4c01b41779af,951930fd01160e628b,b696984902fc8c7668,4384ab8b01af518290,0bea56de013efd2d81	
c51e4119023485f946,4a0f1a05021e444406,8cfeefb40134740371	
b4746e0901a77681fb,5f2ad0c501468761dc	
10b53514019ba6308f,190dd17902e1812304,9106d93c01fa81befa,4d9a466902d47fa397	
99d99d1a02f3a5b1fb	
66ed9a47026cbd7850,4448834702079dd335,d554d2f301e8d64fb6	
08a49498029d7dca03,ff176b4702b150a998,efc5ad15023b9fb2e6,702a4b6e01bd7fa9ea,e53a71780177f2915d	
4bc1b92f020018e4b4,ecf072af02288ac7fd	
