-------------------------------------------
Batch: 1
-------------------------------------------
+------------------------------------------+------+----+------+
|window                                    |zone  |view|unique|
+------------------------------------------+------+----+------+
|[2018-04-01 15:20:41, 2018-04-01 15:20:43]|ru    |9   |9     |
|[2018-04-01 15:20:41, 2018-04-01 15:20:43]|not ru|3   |3     |
|[2018-04-01 15:20:42, 2018-04-01 15:20:44]|ru    |106 |100   |
|[2018-04-01 15:20:42, 2018-04-01 15:20:44]|not ru|44  |44    |
|[2018-04-01 15:20:43, 2018-04-01 15:20:45]|ru    |97  |92    |
|[2018-04-01 15:20:43, 2018-04-01 15:20:45]|not ru|41  |42    |
+------------------------------------------+------+----+------+

-------------------------------------------
Batch: 2
-------------------------------------------
+------------------------------------------+------+----+------+
|window                                    |zone  |view|unique|
+------------------------------------------+------+----+------+
|[2018-04-01 15:20:41, 2018-04-01 15:20:43]|ru    |10  |10    |
|[2018-04-01 15:20:41, 2018-04-01 15:20:43]|not ru|3   |3     |
|[2018-04-01 15:20:42, 2018-04-01 15:20:44]|ru    |146 |135   |
|[2018-04-01 15:20:42, 2018-04-01 15:20:44]|not ru|54  |54    |
|[2018-04-01 15:20:43, 2018-04-01 15:20:45]|ru    |136 |126   |
|[2018-04-01 15:20:43, 2018-04-01 15:20:45]|not ru|51  |52    |
+------------------------------------------+------+----+------+

-------------------------------------------
Batch: 3
-------------------------------------------
+------------------------------------------+------+----+------+
|window                                    |zone  |view|unique|
+------------------------------------------+------+----+------+
|[2018-04-01 15:20:41, 2018-04-01 15:20:43]|ru    |10  |10    |
|[2018-04-01 15:20:41, 2018-04-01 15:20:43]|not ru|4   |4     |
|[2018-04-01 15:20:42, 2018-04-01 15:20:44]|ru    |221 |204   |
|[2018-04-01 15:20:42, 2018-04-01 15:20:44]|not ru|78  |79    |
|[2018-04-01 15:20:43, 2018-04-01 15:20:45]|ru    |212 |193   |
|[2018-04-01 15:20:43, 2018-04-01 15:20:45]|not ru|74  |76    |
|[2018-04-01 15:20:44, 2018-04-01 15:20:46]|ru    |1   |1     |
+------------------------------------------+------+----+------+

-------------------------------------------
Batch: 4
-------------------------------------------
+------------------------------------------+------+----+------+
|window                                    |zone  |view|unique|
+------------------------------------------+------+----+------+
|[2018-04-01 15:20:41, 2018-04-01 15:20:43]|ru    |10  |10    |
|[2018-04-01 15:20:41, 2018-04-01 15:20:43]|not ru|4   |4     |
|[2018-04-01 15:20:42, 2018-04-01 15:20:44]|ru    |250 |230   |
|[2018-04-01 15:20:42, 2018-04-01 15:20:44]|not ru|82  |83    |
|[2018-04-01 15:20:43, 2018-04-01 15:20:45]|ru    |254 |230   |
|[2018-04-01 15:20:43, 2018-04-01 15:20:45]|not ru|82  |83    |
|[2018-04-01 15:20:44, 2018-04-01 15:20:46]|ru    |14  |13    |
|[2018-04-01 15:20:44, 2018-04-01 15:20:46]|not ru|4   |4     |
+------------------------------------------+------+----+------+

